TN:
SF:basicOperations.js
FN:1,(anonymous_0)
FN:5,(anonymous_1)
FN:9,(anonymous_2)
FN:13,(anonymous_3)
FN:18,(anonymous_4)
FN:22,(anonymous_5)
FN:26,(anonymous_6)
FN:30,(anonymous_7)
FN:34,(anonymous_8)
FN:39,(anonymous_9)
FN:40,(anonymous_10)
FN:43,(anonymous_11)
FN:44,(anonymous_12)
FN:47,(anonymous_13)
FN:48,(anonymous_14)
FN:59,(anonymous_15)
FN:60,(anonymous_16)
FN:63,(anonymous_17)
FN:64,(anonymous_18)
FNF:19
FNH:19
FNDA:37,(anonymous_0)
FNDA:29,(anonymous_1)
FNDA:9,(anonymous_2)
FNDA:4,(anonymous_3)
FNDA:2,(anonymous_4)
FNDA:3,(anonymous_5)
FNDA:1,(anonymous_6)
FNDA:1,(anonymous_7)
FNDA:8,(anonymous_8)
FNDA:4,(anonymous_9)
FNDA:10,(anonymous_10)
FNDA:6,(anonymous_11)
FNDA:13,(anonymous_12)
FNDA:3,(anonymous_13)
FNDA:4,(anonymous_14)
FNDA:3,(anonymous_15)
FNDA:14,(anonymous_16)
FNDA:3,(anonymous_17)
FNDA:14,(anonymous_18)
DA:1,2
DA:2,37
DA:5,2
DA:6,29
DA:9,2
DA:10,9
DA:13,2
DA:14,4
DA:15,4
DA:18,2
DA:19,2
DA:22,2
DA:23,3
DA:26,2
DA:27,1
DA:30,2
DA:31,1
DA:34,2
DA:35,8
DA:36,8
DA:39,2
DA:40,10
DA:43,2
DA:44,13
DA:47,2
DA:48,3
DA:49,4
DA:50,2
DA:52,2
DA:53,1
DA:55,1
DA:59,2
DA:60,14
DA:63,2
DA:64,14
LF:35
LH:35
BRDA:49,0,0,2
BRDA:49,0,1,2
BRDA:52,1,0,1
BRDA:52,1,1,1
BRF:4
BRH:4
end_of_record
TN:
SF:complexOperations.js
FN:23,(anonymous_0)
FN:47,(anonymous_1)
FN:86,(anonymous_2)
FN:108,(anonymous_3)
FN:131,(anonymous_4)
FN:155,(anonymous_5)
FNF:6
FNH:6
FNDA:11,(anonymous_0)
FNDA:15,(anonymous_1)
FNDA:12,(anonymous_2)
FNDA:13,(anonymous_3)
FNDA:11,(anonymous_4)
FNDA:10,(anonymous_5)
DA:23,2
DA:24,11
DA:25,4
DA:27,7
DA:28,7
DA:29,5
DA:31,2
DA:47,2
DA:48,15
DA:49,3
DA:51,12
DA:52,4
DA:54,8
DA:57,4
DA:59,2
DA:62,2
DA:63,2
DA:65,0
DA:86,2
DA:87,12
DA:88,8
DA:90,4
DA:91,4
DA:92,2
DA:94,2
DA:108,2
DA:109,13
DA:110,4
DA:112,9
DA:113,9
DA:114,4
DA:116,5
DA:131,2
DA:132,11
DA:133,4
DA:135,7
DA:136,2
DA:138,5
DA:139,2
DA:141,3
DA:155,2
DA:156,10
DA:157,3
DA:159,7
DA:160,7
DA:161,3
DA:163,4
LF:47
LH:46
BRDA:24,0,0,4
BRDA:24,0,1,7
BRDA:24,1,0,11
BRDA:24,1,1,9
BRDA:28,2,0,5
BRDA:28,2,1,2
BRDA:47,3,0,3
BRDA:48,4,0,3
BRDA:48,4,1,12
BRDA:48,5,0,15
BRDA:48,5,1,15
BRDA:51,6,0,4
BRDA:51,6,1,8
BRDA:51,7,0,12
BRDA:51,7,1,8
BRDA:54,8,0,2
BRDA:54,8,1,4
BRDA:54,8,2,2
BRDA:54,8,3,2
BRDA:54,8,4,0
BRDA:87,9,0,8
BRDA:87,9,1,4
BRDA:87,10,0,12
BRDA:87,10,1,4
BRDA:87,10,2,4
BRDA:91,11,0,2
BRDA:91,11,1,2
BRDA:109,12,0,4
BRDA:109,12,1,9
BRDA:109,13,0,13
BRDA:109,13,1,10
BRDA:113,14,0,4
BRDA:113,14,1,5
BRDA:132,15,0,4
BRDA:132,15,1,7
BRDA:135,16,0,2
BRDA:135,16,1,5
BRDA:135,17,0,7
BRDA:135,17,1,7
BRDA:138,18,0,2
BRDA:138,18,1,3
BRDA:156,19,0,3
BRDA:156,19,1,7
BRDA:160,20,0,3
BRDA:160,20,1,4
BRF:45
BRH:44
end_of_record
